==9608== Memcheck, a memory error detector
==9608== Copyright (C) 2002-2013, and GNU GPL'd, by Julian Seward et al.
==9608== Using Valgrind-3.10.1 and LibVEX; rerun with -h for copyright info
==9608== Command: ./yshell
==9608== 
yshell: Bad: no such function
==9608== 
==9608== HEAP SUMMARY:
==9608==     in use at exit: 1,358 bytes in 37 blocks
==9608==   total heap usage: 227 allocs, 190 frees, 7,862 bytes allocated
==9608== 
==9608== 1,358 (40 direct, 1,318 indirect) bytes in 1 blocks are definitely lost in loss record 13 of 13
==9608==    at 0x4C2A0C5: operator new(unsigned long) (in /opt/rh/devtoolset-3/root/usr/lib64/valgrind/vgpreload_memcheck-amd64-linux.so)
==9608==    by 0x40850F: inode_state::inode_state() (file_sys.cpp:29)
==9608==    by 0x410C4A: main (main.cpp:51)
==9608== 
==9608== LEAK SUMMARY:
==9608==    definitely lost: 40 bytes in 1 blocks
==9608==    indirectly lost: 1,318 bytes in 36 blocks
==9608==      possibly lost: 0 bytes in 0 blocks
==9608==    still reachable: 0 bytes in 0 blocks
==9608==         suppressed: 0 bytes in 0 blocks
==9608== 
==9608== For counts of detected and suppressed errors, rerun with: -v
==9608== ERROR SUMMARY: 1 errors from 1 contexts (suppressed: 1 from 1)
